0 info it worked if it ends with ok
1 verbose cli [ '/usr/local/bin/node',
1 verbose cli   '/usr/share/npm/bin/npm-cli.js',
1 verbose cli   'run',
1 verbose cli   'start',
1 verbose cli   '--scripts-prepend-node-path=auto' ]
2 info using npm@3.5.2
3 info using node@v10.10.0
4 verbose run-script [ 'prestart', 'start', 'poststart' ]
5 info lifecycle bh24-bot@1.0.0~prestart: bh24-bot@1.0.0
6 silly lifecycle bh24-bot@1.0.0~prestart: no script for prestart, continuing
7 info lifecycle bh24-bot@1.0.0~start: bh24-bot@1.0.0
8 verbose lifecycle bh24-bot@1.0.0~start: unsafe-perm in lifecycle true
9 verbose lifecycle bh24-bot@1.0.0~start: PATH: /usr/share/npm/bin/node-gyp-bin:/home/user/git/bh24/bh24-bot/node_modules/.bin:/home/user/.local/bin:/usr/local/sbin:/usr/local/bin:/usr/sbin:/usr/bin:/sbin:/bin:/usr/games:/usr/local/games:/snap/bin:/home/user/.dotnet/tools:/usr/lib/jvm/java-8-oracle/bin:/usr/lib/jvm/java-8-oracle/db/bin:/usr/lib/jvm/java-8-oracle/jre/bin
10 verbose lifecycle bh24-bot@1.0.0~start: CWD: /home/user/git/bh24/bh24-bot
11 silly lifecycle bh24-bot@1.0.0~start: Args: [ '-c', 'ts-node src/index.ts' ]
12 silly lifecycle bh24-bot@1.0.0~start: Returned: code: 1  signal: null
13 info lifecycle bh24-bot@1.0.0~start: Failed to exec start script
14 verbose stack Error: bh24-bot@1.0.0 start: `ts-node src/index.ts`
14 verbose stack Exit status 1
14 verbose stack     at EventEmitter.<anonymous> (/usr/share/npm/lib/utils/lifecycle.js:232:16)
14 verbose stack     at EventEmitter.emit (events.js:182:13)
14 verbose stack     at ChildProcess.<anonymous> (/usr/share/npm/lib/utils/spawn.js:24:14)
14 verbose stack     at ChildProcess.emit (events.js:182:13)
14 verbose stack     at maybeClose (internal/child_process.js:962:16)
14 verbose stack     at Process.ChildProcess._handle.onexit (internal/child_process.js:251:5)
15 verbose pkgid bh24-bot@1.0.0
16 verbose cwd /home/user/git/bh24/bh24-bot
17 error Linux 4.15.0-72-generic
18 error argv "/usr/local/bin/node" "/usr/share/npm/bin/npm-cli.js" "run" "start" "--scripts-prepend-node-path=auto"
19 error node v10.10.0
20 error npm  v3.5.2
21 error code ELIFECYCLE
22 error bh24-bot@1.0.0 start: `ts-node src/index.ts`
22 error Exit status 1
23 error Failed at the bh24-bot@1.0.0 start script 'ts-node src/index.ts'.
23 error Make sure you have the latest version of node.js and npm installed.
23 error If you do, this is most likely a problem with the bh24-bot package,
23 error not with npm itself.
23 error Tell the author that this fails on your system:
23 error     ts-node src/index.ts
23 error You can get information on how to open an issue for this project with:
23 error     npm bugs bh24-bot
23 error Or if that isn't available, you can get their info via:
23 error     npm owner ls bh24-bot
23 error There is likely additional logging output above.
24 verbose exit [ 1, true ]
